<?xml version="1.0" encoding="UTF-8"?>
<!-- Generated by org.testng.reporters.JUnitXMLReporter -->
<testsuite ignored="0" hostname="NAG1-LHP-N76161" failures="0" tests="3" name="Command line test" time="47.143" errors="0" timestamp="2022-08-25T11:29:10 IST">
  <testcase classname="com.automation.Test.Add2cartTest" name="VerifyAdd2Cart" time="10.836"/>
  <testcase classname="com.automation.Test.CheckoutTest" name="VerifyCheckout" time="27.769"/>
  <testcase classname="com.automation.Test.LoginTest" name="VerifysuccessfulLogin" time="5.371"/>
</testsuite> <!-- Command line test -->
