<?xml version="1.0" encoding="UTF-8"?>
<testng-results ignored="0" total="3" passed="3" failed="0" skipped="0">
  <reporter-output>
  </reporter-output>
  <suite started-at="2022-08-25T11:28:23 IST" name="Command line suite" finished-at="2022-08-25T11:29:10 IST" duration-ms="47143">
    <groups>
    </groups>
    <test started-at="2022-08-25T11:28:23 IST" name="Command line test" finished-at="2022-08-25T11:29:10 IST" duration-ms="47143">
      <class name="com.automation.Test.LoginTest">
        <test-method is-config="true" signature="Precondition()[pri:0, instance:com.automation.Test.LoginTest@2b71e916]" started-at="2022-08-25T11:29:04 IST" name="Precondition" finished-at="2022-08-25T11:29:05 IST" duration-ms="953" status="PASS">
          <reporter-output>
          </reporter-output>
        </test-method> <!-- Precondition -->
        <test-method signature="VerifysuccessfulLogin()[pri:0, instance:com.automation.Test.LoginTest@2b71e916]" started-at="2022-08-25T11:29:05 IST" name="VerifysuccessfulLogin" finished-at="2022-08-25T11:29:10 IST" duration-ms="5371" status="PASS">
          <reporter-output>
          </reporter-output>
        </test-method> <!-- VerifysuccessfulLogin -->
      </class> <!-- com.automation.Test.LoginTest -->
      <class name="com.automation.Test.Add2cartTest">
        <test-method is-config="true" signature="Precondition()[pri:0, instance:com.automation.Test.Add2cartTest@f6efaab]" started-at="2022-08-25T11:28:23 IST" name="Precondition" finished-at="2022-08-25T11:28:25 IST" duration-ms="1272" status="PASS">
          <reporter-output>
          </reporter-output>
        </test-method> <!-- Precondition -->
        <test-method signature="VerifyAdd2Cart()[pri:0, instance:com.automation.Test.Add2cartTest@f6efaab]" started-at="2022-08-25T11:28:25 IST" name="VerifyAdd2Cart" finished-at="2022-08-25T11:28:35 IST" duration-ms="10836" status="PASS">
          <reporter-output>
          </reporter-output>
        </test-method> <!-- VerifyAdd2Cart -->
      </class> <!-- com.automation.Test.Add2cartTest -->
      <class name="com.automation.Test.CheckoutTest">
        <test-method is-config="true" signature="Precondition()[pri:0, instance:com.automation.Test.CheckoutTest@411f53a0]" started-at="2022-08-25T11:28:35 IST" name="Precondition" finished-at="2022-08-25T11:28:36 IST" duration-ms="917" status="PASS">
          <reporter-output>
          </reporter-output>
        </test-method> <!-- Precondition -->
        <test-method signature="VerifyCheckout()[pri:0, instance:com.automation.Test.CheckoutTest@411f53a0]" started-at="2022-08-25T11:28:36 IST" name="VerifyCheckout" finished-at="2022-08-25T11:29:04 IST" duration-ms="27769" status="PASS">
          <reporter-output>
          </reporter-output>
        </test-method> <!-- VerifyCheckout -->
      </class> <!-- com.automation.Test.CheckoutTest -->
    </test> <!-- Command line test -->
  </suite> <!-- Command line suite -->
</testng-results>
