<?xml version="1.0" encoding="UTF-8"?>
<testng-results ignored="0" total="1" passed="1" failed="0" skipped="0">
  <reporter-output>
  </reporter-output>
  <suite started-at="2022-08-22T13:31:16 IST" name="Default suite" finished-at="2022-08-22T13:31:49 IST" duration-ms="32338">
    <groups>
    </groups>
    <test started-at="2022-08-22T13:31:16 IST" name="Default test" finished-at="2022-08-22T13:31:49 IST" duration-ms="32338">
      <class name="com.automation.Test.CheckoutTest">
        <test-method is-config="true" signature="Precondition()[pri:0, instance:com.automation.Test.CheckoutTest@696da30b]" started-at="2022-08-22T13:31:16 IST" name="Precondition" finished-at="2022-08-22T13:31:18 IST" duration-ms="1198" status="PASS">
          <reporter-output>
          </reporter-output>
        </test-method> <!-- Precondition -->
        <test-method signature="VerifyCheckout()[pri:0, instance:com.automation.Test.CheckoutTest@696da30b]" started-at="2022-08-22T13:31:18 IST" name="VerifyCheckout" finished-at="2022-08-22T13:31:49 IST" duration-ms="31118" status="PASS">
          <reporter-output>
          </reporter-output>
        </test-method> <!-- VerifyCheckout -->
      </class> <!-- com.automation.Test.CheckoutTest -->
    </test> <!-- Default test -->
  </suite> <!-- Default suite -->
</testng-results>
